<?xml version="1.0" encoding="UTF-8"?>
<!-- Generated by org.testng.reporters.JUnitReportReporter -->
<testsuite hostname="DESKTOP-5TL3RSP" failures="0" tests="2" name="testNg.Assert" time="0.021" errors="0" timestamp="29 Feb 2024 08:13:43 GMT" skipped="1">
  <testcase classname="testNg.Assert" name="hardassertnull" time="0.021"/>
  <testcase classname="testNg.Assert" name="hardassertequal">
    <skipped/>
  </testcase> <!-- hardassertequal -->
</testsuite> <!-- testNg.Assert -->
