<?xml version="1.0" encoding="UTF-8"?>
<!-- Generated by org.testng.reporters.JUnitReportReporter -->
<testsuite hostname="DESKTOP-5TL3RSP" failures="0" tests="2" name="testNg.dataprovider" time="12.807" errors="0" timestamp="28 Jan 2024 11:08:29 GMT" skipped="0">
  <testcase classname="testNg.dataprovider" name="dataprovid" time="6.823"/>
  <testcase classname="testNg.dataprovider" name="dataprovid" time="5.984"/>
</testsuite> <!-- testNg.dataprovider -->
