<?xml version="1.0" encoding="UTF-8"?>
<!-- Generated by org.testng.reporters.JUnitReportReporter -->
<testsuite hostname="DESKTOP-5TL3RSP" failures="0" tests="2" name="testNg.testNgAnnotation" time="24.979" errors="0" timestamp="24 Jan 2024 07:57:37 GMT" skipped="0">
  <testcase classname="testNg.testNgAnnotation" name="formFill" time="14.243"/>
  <testcase classname="testNg.testNgAnnotation" name="alertTask" time="10.736"/>
</testsuite> <!-- testNg.testNgAnnotation -->
