<?xml version="1.0" encoding="UTF-8"?>
<!-- Generated by org.testng.reporters.JUnitReportReporter -->
<testsuite hostname="DESKTOP-5TL3RSP" failures="0" tests="1" name="PageObjectModel.Register" time="10.740" errors="0" timestamp="02 Feb 2024 08:10:38 GMT" skipped="0">
  <testcase classname="PageObjectModel.Register" name="registerform" time="10.740"/>
</testsuite> <!-- PageObjectModel.Register -->
