<?xml version="1.0" encoding="UTF-8"?>
<!-- Generated by org.testng.reporters.JUnitReportReporter -->
<testsuite hostname="DESKTOP-5TL3RSP" failures="0" tests="1" name="PageObjectModel.AlertPOM" time="53.127" errors="0" timestamp="08 Feb 2024 10:53:35 GMT" skipped="0">
  <testcase classname="PageObjectModel.AlertPOM" name="checkalert" time="53.127"/>
</testsuite> <!-- PageObjectModel.AlertPOM -->
