<?xml version="1.0" encoding="UTF-8"?>
<!-- Generated by org.testng.reporters.JUnitReportReporter -->
<testsuite hostname="DESKTOP-5TL3RSP" failures="0" tests="2" name="testNg.invocation_Count" time="0.021" errors="0" timestamp="24 Jan 2024 11:24:18 GMT" skipped="0">
  <testcase classname="testNg.invocation_Count" name="testcase" time="0.004"/>
  <testcase classname="testNg.invocation_Count" name="testcase" time="0.017"/>
</testsuite> <!-- testNg.invocation_Count -->
