<?xml version="1.0" encoding="UTF-8"?>
<!-- Generated by org.testng.reporters.JUnitReportReporter -->
<testsuite hostname="DESKTOP-5TL3RSP" failures="0" tests="1" name="testNg.sanitytest" time="11.604" errors="0" timestamp="29 Feb 2024 08:10:43 GMT" skipped="0">
  <testcase classname="testNg.sanitytest" name="pagelogin" time="11.604"/>
</testsuite> <!-- testNg.sanitytest -->
