<?xml version="1.0" encoding="UTF-8"?>
<!-- Generated by org.testng.reporters.JUnitReportReporter -->
<testsuite hostname="DESKTOP-5TL3RSP" failures="0" tests="3" name="testNg.timeout_TestNg" time="15.728" errors="0" timestamp="29 Feb 2024 07:52:55 GMT" skipped="1">
  <testcase classname="testNg.timeout_TestNg" name="pagelogin" time="7.139"/>
  <testcase classname="testNg.timeout_TestNg" name="pageenter" time="8.589"/>
  <testcase classname="testNg.timeout_TestNg" name="testcase">
    <skipped/>
  </testcase> <!-- testcase -->
</testsuite> <!-- testNg.timeout_TestNg -->
