<?xml version="1.0" encoding="UTF-8"?>
<!-- Generated by org.testng.reporters.JUnitReportReporter -->
<testsuite hostname="DESKTOP-5TL3RSP" failures="0" tests="3" name="testNg.dependsOnMethod" time="24.077" errors="0" timestamp="29 Feb 2024 15:41:18 GMT" skipped="0">
  <testcase classname="testNg.dependsOnMethod" name="pagelogin" time="9.397"/>
  <testcase classname="testNg.dependsOnMethod" name="pageenter" time="7.665"/>
  <testcase classname="testNg.dependsOnMethod" name="testcase" time="7.015"/>
</testsuite> <!-- testNg.dependsOnMethod -->
