<?xml version="1.0" encoding="UTF-8"?>
<!-- Generated by org.testng.reporters.JUnitReportReporter -->
<testsuite hostname="DESKTOP-5TL3RSP" failures="0" tests="3" name="testNg.EnabledTestNg" time="15.792" errors="0" timestamp="29 Feb 2024 07:47:26 GMT" skipped="1">
  <testcase classname="testNg.EnabledTestNg" name="pagelogin" time="7.625"/>
  <testcase classname="testNg.EnabledTestNg" name="pageenter" time="8.167"/>
  <testcase classname="testNg.EnabledTestNg" name="testcase">
    <skipped/>
  </testcase> <!-- testcase -->
</testsuite> <!-- testNg.EnabledTestNg -->
