<?xml version="1.0" encoding="UTF-8"?>
<!-- Generated by org.testng.reporters.JUnitReportReporter -->
<testsuite hostname="DESKTOP-5TL3RSP" failures="0" tests="2" name="testNg.dataproviderrrr" time="14.963" errors="0" timestamp="28 Jan 2024 11:25:26 GMT" skipped="0">
  <testcase classname="testNg.dataproviderrrr" name="datashare" time="7.554"/>
  <testcase classname="testNg.dataproviderrrr" name="datashare" time="7.409"/>
</testsuite> <!-- testNg.dataproviderrrr -->
