<?xml version="1.0" encoding="UTF-8"?>
<!-- Generated by org.testng.reporters.JUnitReportReporter -->
<testsuite hostname="DESKTOP-5TL3RSP" failures="0" tests="3" name="testNg.priorityTestNG" time="72.491" errors="0" timestamp="24 Jan 2024 09:45:17 GMT" skipped="0">
  <testcase classname="testNg.priorityTestNG" name="promptbalert" time="53.703"/>
  <testcase classname="testNg.priorityTestNG" name="confirmalert" time="8.799"/>
  <testcase classname="testNg.priorityTestNG" name="alertTask" time="9.989"/>
</testsuite> <!-- testNg.priorityTestNG -->
